Using pre-set license
Built from '2020.2/release' branch; Version is '2020.2.2f1 (068178b99f32) revision 426360'; Using compiler version '192528614'; Build Type 'Release'
OS: 'Windows 10 Pro; OS build 19042.928; Version 2009; 64bit' Language: 'ko' Physical Memory: 32701 MB
BatchMode: 1, IsHumanControllingUs: 0, StartBugReporterOnCrash: 0, Is64bit: 1, IsPro: 0

 COMMAND LINE ARGUMENTS:
C:\Program Files\Unity\Hub\Editor\2020.2.2f1\Editor\Unity.exe
-adb2
-batchMode
-noUpm
-name
AssetImportWorker0
-projectPath
E:/repos/CShapPerformanceCheck/PerformanceChecker2020.2
-logFile
Logs/AssetImportWorker0.log
-srvPort
11281
Successfully changed project path to: E:/repos/CShapPerformanceCheck/PerformanceChecker2020.2
E:/repos/CShapPerformanceCheck/PerformanceChecker2020.2
Using Asset Import Pipeline V2.
Refreshing native plugins compatible for Editor in 33.10 ms, found 0 plugins.
Preloading 0 native plugins for Editor in 0.00 ms.
Initialize engine version: 2020.2.2f1 (068178b99f32)
[Subsystems] Discovering subsystems at path C:/Program Files/Unity/Hub/Editor/2020.2.2f1/Editor/Data/Resources/UnitySubsystems
[Subsystems] Discovering subsystems at path E:/repos/CShapPerformanceCheck/PerformanceChecker2020.2/Assets
GfxDevice: creating device client; threaded=0
Direct3D:
    Version:  Direct3D 11.0 [level 11.1]
    Renderer: NVIDIA GeForce RTX 3080 (ID=0x2206)
    Vendor:   
    VRAM:     10077 MB
    Driver:   27.21.14.5671
Initialize mono
Mono path[0] = 'C:/Program Files/Unity/Hub/Editor/2020.2.2f1/Editor/Data/Managed'
Mono path[1] = 'C:/Program Files/Unity/Hub/Editor/2020.2.2f1/Editor/Data/MonoBleedingEdge/lib/mono/unityjit'
Mono config path = 'C:/Program Files/Unity/Hub/Editor/2020.2.2f1/Editor/Data/MonoBleedingEdge/etc'
Using monoOptions --debugger-agent=transport=dt_socket,embedding=1,server=y,suspend=n,address=127.0.0.1:56124
Begin MonoManager ReloadAssembly
Registering precompiled unity dll's ...
Register platform support module: C:/Program Files/Unity/Hub/Editor/2020.2.2f1/Editor/Data/PlaybackEngines/WindowsStandaloneSupport/UnityEditor.WindowsStandalone.Extensions.dll
Registered in 0.001447 seconds.
Native extension for WindowsStandalone target not found
Refreshing native plugins compatible for Editor in 34.08 ms, found 0 plugins.
Preloading 0 native plugins for Editor in 0.00 ms.
Invoked RoslynAnalysisRunner static constructor.
RoslynAnalysisRunner will not be running.
RoslynAnalysisRunner has terminated.
Mono: successfully reloaded assembly
- Completed reload, in  1.464 seconds
Platform modules already initialized, skipping
Registering precompiled user dll's ...
Registered in 0.000737 seconds.
Begin MonoManager ReloadAssembly
Native extension for WindowsStandalone target not found
Refreshing native plugins compatible for Editor in 35.09 ms, found 0 plugins.
Preloading 0 native plugins for Editor in 0.00 ms.
Invoked RoslynAnalysisRunner static constructor.
RoslynAnalysisRunner will not be running.
RoslynAnalysisRunner has terminated.
Mono: successfully reloaded assembly
- Completed reload, in  0.757 seconds
Platform modules already initialized, skipping
========================================================================
Worker process is ready to serve import requests
Shader 'Universal Render Pipeline/Particles/Lit': fallback shader 'Universal Render Pipeline/Particles/SimpleLit' not found
Shader 'Universal Render Pipeline/Particles/Lit': fallback shader 'Universal Render Pipeline/Particles/SimpleLit' not found
Launched and connected shader compiler UnityShaderCompiler.exe after 0.05 seconds
Refreshing native plugins compatible for Editor in 0.50 ms, found 0 plugins.
Preloading 0 native plugins for Editor in 0.00 ms.
Unloading 2345 Unused Serialized files (Serialized files now loaded: 0)
System memory in use before: 106.4 MB.
System memory in use after: 103.5 MB.

Unloading 60 unused Assets to reduce memory usage. Loaded Objects now: 2737.
Total: 3.373300 ms (FindLiveObjects: 0.271500 ms CreateObjectMapping: 0.137500 ms MarkObjects: 1.521700 ms  DeleteObjects: 1.441700 ms)

========================================================================
Received Import Request.
  path: Assets/Scene.unity
  artifactKey: Guid(924558c182a5f2a4b89b4916f3afb13c) Importer(815301076,1909f56bfc062723c751e8b465ee728b)
Start importing Assets/Scene.unity using Guid(924558c182a5f2a4b89b4916f3afb13c) Importer(815301076,1909f56bfc062723c751e8b465ee728b)  -> (artifact id: 'b19c9991ce9f1a169432442c0d95570f') in 0.013953 seconds
  Import took 0.016994 seconds .

========================================================================
Received Import Request.
  Time since last request: 2.732266 seconds.
  path: Packages/com.unity.render-pipelines.core
  artifactKey: Guid(fa2fec639fb8149193707851fce7d38b) Importer(815301076,1909f56bfc062723c751e8b465ee728b)
Start importing Packages/com.unity.render-pipelines.core using Guid(fa2fec639fb8149193707851fce7d38b) Importer(815301076,1909f56bfc062723c751e8b465ee728b)  -> (artifact id: '6bc8cc314b8b54e4f3fb3e5a26ad1397') in 0.005323 seconds
  Import took 0.008352 seconds .

========================================================================
Received Import Request.
  Time since last request: 2674.157111 seconds.
  path: Assets/Samples
  artifactKey: Guid(9c6520754b55eec4f8a54be401227ae8) Importer(815301076,1909f56bfc062723c751e8b465ee728b)
Start importing Assets/Samples using Guid(9c6520754b55eec4f8a54be401227ae8) Importer(815301076,1909f56bfc062723c751e8b465ee728b)  -> (artifact id: '5885ae3617eb6bce2f730a8f9aedfc82') in 0.005906 seconds
  Import took 0.009543 seconds .

========================================================================
Received Import Request.
  Time since last request: 18.896853 seconds.
  path: Assets/Samples/1. Cube Rotator
  artifactKey: Guid(b63300788b3269740b93e51742b941c8) Importer(815301076,1909f56bfc062723c751e8b465ee728b)
Start importing Assets/Samples/1. Cube Rotator using Guid(b63300788b3269740b93e51742b941c8) Importer(815301076,1909f56bfc062723c751e8b465ee728b)  -> (artifact id: '76a8a664e9a41d1a3adf0b345dfc128a') in 0.005645 seconds
  Import took 0.010193 seconds .

========================================================================
Received Import Request.
  Time since last request: 25.247031 seconds.
  path: Assets/Samples/1. Cube Rotator/CubeRotatorScene.cs
  artifactKey: Guid(b5238c3d02d2ddc46a75ac93bfaefaf8) Importer(815301076,1909f56bfc062723c751e8b465ee728b)
Start importing Assets/Samples/1. Cube Rotator/CubeRotatorScene.cs using Guid(b5238c3d02d2ddc46a75ac93bfaefaf8) Importer(815301076,1909f56bfc062723c751e8b465ee728b)  -> (artifact id: '586a52c6f3d2710d588532fe02c726b7') in 0.049174 seconds
  Import took 0.052611 seconds .

========================================================================
Received Prepare
Registering precompiled user dll's ...
Registered in 0.000759 seconds.
Begin MonoManager ReloadAssembly
Native extension for WindowsStandalone target not found
Refreshing native plugins compatible for Editor in 0.37 ms, found 0 plugins.
Preloading 0 native plugins for Editor in 0.00 ms.
Invoked RoslynAnalysisRunner static constructor.
RoslynAnalysisRunner will not be running.
RoslynAnalysisRunner has terminated.
Mono: successfully reloaded assembly
- Completed reload, in  0.702 seconds
Platform modules already initialized, skipping
Shader 'Universal Render Pipeline/Particles/Lit': fallback shader 'Universal Render Pipeline/Particles/SimpleLit' not found
Shader 'Universal Render Pipeline/Particles/Lit': fallback shader 'Universal Render Pipeline/Particles/SimpleLit' not found
Refreshing native plugins compatible for Editor in 0.35 ms, found 0 plugins.
Preloading 0 native plugins for Editor in 0.00 ms.
Unloading 2335 Unused Serialized files (Serialized files now loaded: 0)
System memory in use before: 106.4 MB.
System memory in use after: 103.6 MB.

Unloading 55 unused Assets to reduce memory usage. Loaded Objects now: 2740.
Total: 3.416000 ms (FindLiveObjects: 0.257200 ms CreateObjectMapping: 0.137200 ms MarkObjects: 1.574600 ms  DeleteObjects: 1.445900 ms)

========================================================================
Received Prepare
Registering precompiled user dll's ...
Registered in 0.001793 seconds.
Begin MonoManager ReloadAssembly
Native extension for WindowsStandalone target not found
Refreshing native plugins compatible for Editor in 0.46 ms, found 0 plugins.
Preloading 0 native plugins for Editor in 0.00 ms.
Invoked RoslynAnalysisRunner static constructor.
RoslynAnalysisRunner will not be running.
RoslynAnalysisRunner has terminated.
Mono: successfully reloaded assembly
- Completed reload, in  5.397 seconds
Platform modules already initialized, skipping
Shader 'Universal Render Pipeline/Particles/Lit': fallback shader 'Universal Render Pipeline/Particles/SimpleLit' not found
Shader 'Universal Render Pipeline/Particles/Lit': fallback shader 'Universal Render Pipeline/Particles/SimpleLit' not found
Refreshing native plugins compatible for Editor in 0.54 ms, found 0 plugins.
Preloading 0 native plugins for Editor in 0.00 ms.
Unloading 2335 Unused Serialized files (Serialized files now loaded: 0)
System memory in use before: 107.4 MB.
System memory in use after: 104.5 MB.

Unloading 55 unused Assets to reduce memory usage. Loaded Objects now: 2742.
Total: 3.612700 ms (FindLiveObjects: 0.333300 ms CreateObjectMapping: 0.148400 ms MarkObjects: 1.539600 ms  DeleteObjects: 1.590400 ms)

========================================================================
Received Import Request.
  Time since last request: 206.333578 seconds.
  path: Assets/Samples/1. Cube Rotator/CubeRotatorScene.cs
  artifactKey: Guid(b5238c3d02d2ddc46a75ac93bfaefaf8) Importer(815301076,1909f56bfc062723c751e8b465ee728b)
Start importing Assets/Samples/1. Cube Rotator/CubeRotatorScene.cs using Guid(b5238c3d02d2ddc46a75ac93bfaefaf8) Importer(815301076,1909f56bfc062723c751e8b465ee728b)  -> (artifact id: '6843a93c608faec797475bffddb02113') in 0.021450 seconds
  Import took 0.026960 seconds .

========================================================================
Received Prepare
Registering precompiled user dll's ...
Registered in 0.000884 seconds.
Begin MonoManager ReloadAssembly
Native extension for WindowsStandalone target not found
Refreshing native plugins compatible for Editor in 0.36 ms, found 0 plugins.
Preloading 0 native plugins for Editor in 0.00 ms.
Invoked RoslynAnalysisRunner static constructor.
RoslynAnalysisRunner will not be running.
RoslynAnalysisRunner has terminated.
Mono: successfully reloaded assembly
- Completed reload, in  0.709 seconds
Platform modules already initialized, skipping
Shader 'Universal Render Pipeline/Particles/Lit': fallback shader 'Universal Render Pipeline/Particles/SimpleLit' not found
Shader 'Universal Render Pipeline/Particles/Lit': fallback shader 'Universal Render Pipeline/Particles/SimpleLit' not found
Refreshing native plugins compatible for Editor in 0.35 ms, found 0 plugins.
Preloading 0 native plugins for Editor in 0.00 ms.
Unloading 2335 Unused Serialized files (Serialized files now loaded: 0)
System memory in use before: 107.5 MB.
System memory in use after: 104.7 MB.

Unloading 55 unused Assets to reduce memory usage. Loaded Objects now: 2744.
Total: 4.075300 ms (FindLiveObjects: 0.478700 ms CreateObjectMapping: 0.182800 ms MarkObjects: 1.753000 ms  DeleteObjects: 1.658700 ms)

========================================================================
Received Prepare
Registering precompiled user dll's ...
Registered in 0.000843 seconds.
Begin MonoManager ReloadAssembly
Native extension for WindowsStandalone target not found
Refreshing native plugins compatible for Editor in 0.34 ms, found 0 plugins.
Preloading 0 native plugins for Editor in 0.00 ms.
Invoked RoslynAnalysisRunner static constructor.
RoslynAnalysisRunner will not be running.
RoslynAnalysisRunner has terminated.
Mono: successfully reloaded assembly
- Completed reload, in  0.664 seconds
Platform modules already initialized, skipping
Shader 'Universal Render Pipeline/Particles/Lit': fallback shader 'Universal Render Pipeline/Particles/SimpleLit' not found
Shader 'Universal Render Pipeline/Particles/Lit': fallback shader 'Universal Render Pipeline/Particles/SimpleLit' not found
Refreshing native plugins compatible for Editor in 0.39 ms, found 0 plugins.
Preloading 0 native plugins for Editor in 0.00 ms.
Unloading 2335 Unused Serialized files (Serialized files now loaded: 0)
System memory in use before: 107.6 MB.
System memory in use after: 104.7 MB.

Unloading 55 unused Assets to reduce memory usage. Loaded Objects now: 2746.
Total: 3.588800 ms (FindLiveObjects: 0.266100 ms CreateObjectMapping: 0.149500 ms MarkObjects: 1.546000 ms  DeleteObjects: 1.625400 ms)

========================================================================
Received Prepare
Registering precompiled user dll's ...
Registered in 0.000859 seconds.
Begin MonoManager ReloadAssembly
Native extension for WindowsStandalone target not found
Refreshing native plugins compatible for Editor in 0.34 ms, found 0 plugins.
Preloading 0 native plugins for Editor in 0.00 ms.
Invoked RoslynAnalysisRunner static constructor.
RoslynAnalysisRunner will not be running.
RoslynAnalysisRunner has terminated.
Mono: successfully reloaded assembly
- Completed reload, in  0.758 seconds
Platform modules already initialized, skipping
Shader 'Universal Render Pipeline/Particles/Lit': fallback shader 'Universal Render Pipeline/Particles/SimpleLit' not found
Shader 'Universal Render Pipeline/Particles/Lit': fallback shader 'Universal Render Pipeline/Particles/SimpleLit' not found
Refreshing native plugins compatible for Editor in 0.34 ms, found 0 plugins.
Preloading 0 native plugins for Editor in 0.00 ms.
Unloading 2335 Unused Serialized files (Serialized files now loaded: 0)
System memory in use before: 107.2 MB.
System memory in use after: 104.3 MB.

Unloading 55 unused Assets to reduce memory usage. Loaded Objects now: 2748.
Total: 3.535600 ms (FindLiveObjects: 0.239300 ms CreateObjectMapping: 0.128200 ms MarkObjects: 1.540700 ms  DeleteObjects: 1.626300 ms)

